2024-02-25 21:54:13.689  INFO 18748 --- [main] Vendingmachine.GroovyApplication         : Starting GroovyApplication using Java 11.0.16 on CHE-AANILKUMAR with PID 18748 (C:\Users\Anusha.anilkumar\Vending\Resttemplate\Resttemplate\build\classes\java\main started by Anusha.AnilKumar in C:\Users\Anusha.anilkumar\Vending\Resttemplate\Resttemplate)
2024-02-25 21:54:13.712  INFO 18748 --- [main] Vendingmachine.GroovyApplication         : No active profile set, falling back to 1 default profile: "default"
2024-02-25 21:54:15.373  INFO 18748 --- [main] o.s.b.w.embedded.tomcat.TomcatWebServer  : Tomcat initialized with port(s): 9000 (http)
2024-02-25 21:54:15.387  INFO 18748 --- [main] o.apache.catalina.core.StandardService   : Starting service [Tomcat]
2024-02-25 21:54:15.387  INFO 18748 --- [main] org.apache.catalina.core.StandardEngine  : Starting Servlet engine: [Apache Tomcat/9.0.82]
2024-02-25 21:54:15.559  INFO 18748 --- [main] o.a.c.c.C.[Tomcat].[localhost].[/]       : Initializing Spring embedded WebApplicationContext
2024-02-25 21:54:15.560  INFO 18748 --- [main] w.s.c.ServletWebServerApplicationContext : Root WebApplicationContext: initialization completed in 1738 ms
2024-02-25 21:54:16.538  INFO 18748 --- [main] o.s.b.w.embedded.tomcat.TomcatWebServer  : Tomcat started on port(s): 9000 (http) with context path ''
2024-02-25 21:54:16.549  INFO 18748 --- [main] Vendingmachine.GroovyApplication         : Started GroovyApplication in 3.587 seconds (JVM running for 4.063)
2024-02-25 21:54:16.555 DEBUG 18748 --- [main] Vendingmachine.config.LoggingController  : A DEBUG Message
2024-02-25 21:54:16.555  INFO 18748 --- [main] Vendingmachine.config.LoggingController  : An INFO Message
2024-02-25 21:54:16.555  WARN 18748 --- [main] Vendingmachine.config.LoggingController  : A WARN Message
2024-02-25 21:54:16.555 ERROR 18748 --- [main] Vendingmachine.config.LoggingController  : An ERROR Message
2024-02-25 21:54:41.455  INFO 18748 --- [http-nio-9000-exec-1] o.a.c.c.C.[Tomcat].[localhost].[/]       : Initializing Spring DispatcherServlet 'dispatcherServlet'
2024-02-25 21:54:42.019  INFO 18748 --- [http-nio-9000-exec-7] o.springdoc.api.AbstractOpenApiResource  : Init duration for springdoc-openapi is: 295 ms
2024-02-25 21:55:05.234 DEBUG 18748 --- [http-nio-9000-exec-8] o.s.web.client.RestTemplate              : HTTP POST http://localhost:8080/add-product
2024-02-25 21:55:05.235 DEBUG 18748 --- [http-nio-9000-exec-8] o.s.web.client.RestTemplate              : Accept=[text/plain, application/json, application/*+json, */*]
2024-02-25 21:55:05.238 DEBUG 18748 --- [http-nio-9000-exec-8] o.s.web.client.RestTemplate              : Writing [Vendingmachine.DTO.InventoryDTO@328b4c85] with org.springframework.http.converter.json.MappingJackson2HttpMessageConverter
2024-02-25 21:55:05.274 DEBUG 18748 --- [http-nio-9000-exec-8] o.s.web.client.RestTemplate              : Response 200 OK
2024-02-25 21:55:05.275 DEBUG 18748 --- [http-nio-9000-exec-8] o.s.web.client.RestTemplate              : Reading to [java.lang.String] as "text/plain;charset=UTF-8"
2024-02-25 21:55:46.099 DEBUG 18748 --- [http-nio-9000-exec-1] o.s.web.client.RestTemplate              : HTTP POST http://localhost:8080/add-product
2024-02-25 21:55:46.100 DEBUG 18748 --- [http-nio-9000-exec-1] o.s.web.client.RestTemplate              : Accept=[text/plain, application/json, application/*+json, */*]
2024-02-25 21:55:46.101 DEBUG 18748 --- [http-nio-9000-exec-1] o.s.web.client.RestTemplate              : Writing [Vendingmachine.DTO.InventoryDTO@73258690] with org.springframework.http.converter.json.MappingJackson2HttpMessageConverter
2024-02-25 21:55:46.117 DEBUG 18748 --- [http-nio-9000-exec-1] o.s.web.client.RestTemplate              : Response 200 OK
2024-02-25 21:55:46.117 DEBUG 18748 --- [http-nio-9000-exec-1] o.s.web.client.RestTemplate              : Reading to [java.lang.String] as "text/plain;charset=UTF-8"
